[debug] [2023-08-05T14:39:32.173Z] ----------------------------------------------------------------------
[debug] [2023-08-05T14:39:32.175Z] Command:       C:\Program Files\nodejs\node.exe C:\Users\harka\AppData\Roaming\npm\node_modules\firebase-tools\lib\bin\firebase.js deploy
[debug] [2023-08-05T14:39:32.175Z] CLI Version:   12.4.7
[debug] [2023-08-05T14:39:32.175Z] Platform:      win32
[debug] [2023-08-05T14:39:32.175Z] Node Version:  v16.13.2
[debug] [2023-08-05T14:39:32.176Z] Time:          Sat Aug 05 2023 20:09:32 GMT+0530 (India Standard Time)
[debug] [2023-08-05T14:39:32.176Z] ----------------------------------------------------------------------
[debug] 
[debug] [2023-08-05T14:39:32.244Z] > command requires scopes: ["email","openid","https://www.googleapis.com/auth/cloudplatformprojects.readonly","https://www.googleapis.com/auth/firebase","https://www.googleapis.com/auth/cloud-platform"]
[debug] [2023-08-05T14:39:32.244Z] > authorizing via signed-in user (harkaran0010@gmail.com)
[debug] [2023-08-05T14:39:32.244Z] [iam] checking project clone-1aaf7 for permissions ["firebase.projects.get","firebasehosting.sites.update"]
[debug] [2023-08-05T14:39:32.246Z] >>> [apiv2][query] POST https://cloudresourcemanager.googleapis.com/v1/projects/clone-1aaf7:testIamPermissions [none]
[debug] [2023-08-05T14:39:32.246Z] >>> [apiv2][(partial)header] POST https://cloudresourcemanager.googleapis.com/v1/projects/clone-1aaf7:testIamPermissions x-goog-quota-user=projects/clone-1aaf7
[debug] [2023-08-05T14:39:32.246Z] >>> [apiv2][body] POST https://cloudresourcemanager.googleapis.com/v1/projects/clone-1aaf7:testIamPermissions {"permissions":["firebase.projects.get","firebasehosting.sites.update"]}
[debug] [2023-08-05T14:39:32.972Z] <<< [apiv2][status] POST https://cloudresourcemanager.googleapis.com/v1/projects/clone-1aaf7:testIamPermissions 200
[debug] [2023-08-05T14:39:32.973Z] <<< [apiv2][body] POST https://cloudresourcemanager.googleapis.com/v1/projects/clone-1aaf7:testIamPermissions {"permissions":["firebase.projects.get","firebasehosting.sites.update"]}
[debug] [2023-08-05T14:39:32.975Z] >>> [apiv2][query] GET https://firebase.googleapis.com/v1beta1/projects/clone-1aaf7 [none]
[debug] [2023-08-05T14:39:33.605Z] <<< [apiv2][status] GET https://firebase.googleapis.com/v1beta1/projects/clone-1aaf7 200
[debug] [2023-08-05T14:39:33.605Z] <<< [apiv2][body] GET https://firebase.googleapis.com/v1beta1/projects/clone-1aaf7 {"projectId":"clone-1aaf7","projectNumber":"275729194980","displayName":"amazon-clone","name":"projects/clone-1aaf7","resources":{"hostingSite":"clone-1aaf7"},"state":"ACTIVE","etag":"1_ffb75327-4738-49a4-a4ca-80545da26d67"}
[info] 
[info] === Deploying to 'clone-1aaf7'...
[info] 
[info] i  deploying hosting 
[debug] [2023-08-05T14:39:33.615Z] >>> [apiv2][query] POST https://firebasehosting.googleapis.com/v1beta1/projects/-/sites/clone-1aaf7/versions [none]
[debug] [2023-08-05T14:39:33.615Z] >>> [apiv2][body] POST https://firebasehosting.googleapis.com/v1beta1/projects/-/sites/clone-1aaf7/versions {"status":"CREATED","labels":{"deployment-tool":"cli-firebase"}}
[debug] [2023-08-05T14:39:35.330Z] <<< [apiv2][status] POST https://firebasehosting.googleapis.com/v1beta1/projects/-/sites/clone-1aaf7/versions 200
[debug] [2023-08-05T14:39:35.330Z] <<< [apiv2][body] POST https://firebasehosting.googleapis.com/v1beta1/projects/-/sites/clone-1aaf7/versions {"name":"projects/275729194980/sites/clone-1aaf7/versions/31b791465d246b27","status":"CREATED","config":{},"labels":{"deployment-tool":"cli-firebase"}}
[info] i  hosting[clone-1aaf7]: beginning deploy... 
[info] i  hosting[clone-1aaf7]: found 14 files in build 
[debug] [2023-08-05T14:39:35.340Z] [hosting] uploading with 200 concurrency
[debug] [2023-08-05T14:39:36.039Z] [hosting] hash cache [YnVpbGQ] stored for 14 files
[debug] [2023-08-05T14:39:36.040Z] [hosting][hash queue][FINAL] {"max":691,"min":4,"avg":60.285714285714285,"active":0,"complete":14,"success":14,"errored":0,"retried":0,"total":14,"elapsed":697}
[debug] [2023-08-05T14:39:36.040Z] >>> [apiv2][query] POST https://firebasehosting.googleapis.com/v1beta1/projects/275729194980/sites/clone-1aaf7/versions/31b791465d246b27:populateFiles [none]
[debug] [2023-08-05T14:39:36.040Z] >>> [apiv2][body] POST https://firebasehosting.googleapis.com/v1beta1/projects/275729194980/sites/clone-1aaf7/versions/31b791465d246b27:populateFiles {"files":{"/favicon.ico":"eae62e993eb980ec8a25058c39d5a51feab118bd2100c4deebb2a9c158ec11f9","/logo192.png":"3ee59515172ee198f3be375979df15ac5345183e656720a381b8872b2a39dc8b","/logo512.png":"ee7e2f3fdb8209c4b6fd7bef6ba50d1b9dba30a25bb5c3126df057e1cb6f5331","/manifest.json":"aff3449bdc238776f5d6d967f19ec491b36aed5fb7f23ccff6500736fd58494a","/robots.txt":"bfe106a3fb878dc83461c86818bf74fc1bdc7f28538ba613cd3e775516ce8b49","/asset-manifest.json":"ec05d45808b494c8d0d2969517e315e5c70733a86df69788655e16fcfab0d812","/static/css/main.fa407202.css":"4b635a5cafc8a9d8d35e5d0eea912895937c21bd434f208b7bd2a8ccf5d95250","/index.html":"53bc2791e8714a8efd03917dea64ba00f2da98c8a967faa47aa30405da44e161","/static/css/main.fa407202.css.map":"f8710c93b1bc0e4f22fa5369d0f05898cf349b7502ac3cc2167e5b1a0528247b","/static/js/787.c075ba41.chunk.js":"d28a5388c890fd63beb23f30609c36607e487ed5945248c843b9d1509725b78e","/static/js/main.29746798.js.LICENSE.txt":"1abe7649413602e2d034a41459db85fb170d07e5e6a7c5908a13752b691d5e32","/static/js/787.c075ba41.chunk.js.map":"88a8f246b15a6e39befce6939d035333f9c9048fc017f7110a957d28fe66850e","/static/js/main.29746798.js":"500ec973fbedd1a8f166125c0b9d539b88bf3e11aeb20028b720e7937244c656","/static/js/main.29746798.js.map":"9f2ec98a02ba585ff87f2bda9966a3fe8de70195edfc1a9c4dd7db6baf875c3c"}}
[debug] [2023-08-05T14:39:37.267Z] <<< [apiv2][status] POST https://firebasehosting.googleapis.com/v1beta1/projects/275729194980/sites/clone-1aaf7/versions/31b791465d246b27:populateFiles 200
[debug] [2023-08-05T14:39:37.267Z] <<< [apiv2][body] POST https://firebasehosting.googleapis.com/v1beta1/projects/275729194980/sites/clone-1aaf7/versions/31b791465d246b27:populateFiles {"uploadRequiredHashes":["9f2ec98a02ba585ff87f2bda9966a3fe8de70195edfc1a9c4dd7db6baf875c3c","500ec973fbedd1a8f166125c0b9d539b88bf3e11aeb20028b720e7937244c656","4b635a5cafc8a9d8d35e5d0eea912895937c21bd434f208b7bd2a8ccf5d95250","53bc2791e8714a8efd03917dea64ba00f2da98c8a967faa47aa30405da44e161","ec05d45808b494c8d0d2969517e315e5c70733a86df69788655e16fcfab0d812","f8710c93b1bc0e4f22fa5369d0f05898cf349b7502ac3cc2167e5b1a0528247b"],"uploadUrl":"https://upload-firebasehosting.googleapis.com/upload/sites/clone-1aaf7/versions/31b791465d246b27/files"}
[debug] [2023-08-05T14:39:37.270Z] >>> [apiv2][query] POST https://upload-firebasehosting.googleapis.com/upload/sites/clone-1aaf7/versions/31b791465d246b27/files/9f2ec98a02ba585ff87f2bda9966a3fe8de70195edfc1a9c4dd7db6baf875c3c [none]
[debug] [2023-08-05T14:39:37.270Z] >>> [apiv2][body] POST https://upload-firebasehosting.googleapis.com/upload/sites/clone-1aaf7/versions/31b791465d246b27/files/9f2ec98a02ba585ff87f2bda9966a3fe8de70195edfc1a9c4dd7db6baf875c3c [stream]
[debug] [2023-08-05T14:39:37.272Z] >>> [apiv2][query] POST https://upload-firebasehosting.googleapis.com/upload/sites/clone-1aaf7/versions/31b791465d246b27/files/500ec973fbedd1a8f166125c0b9d539b88bf3e11aeb20028b720e7937244c656 [none]
[debug] [2023-08-05T14:39:37.272Z] >>> [apiv2][body] POST https://upload-firebasehosting.googleapis.com/upload/sites/clone-1aaf7/versions/31b791465d246b27/files/500ec973fbedd1a8f166125c0b9d539b88bf3e11aeb20028b720e7937244c656 [stream]
[debug] [2023-08-05T14:39:37.274Z] >>> [apiv2][query] POST https://upload-firebasehosting.googleapis.com/upload/sites/clone-1aaf7/versions/31b791465d246b27/files/4b635a5cafc8a9d8d35e5d0eea912895937c21bd434f208b7bd2a8ccf5d95250 [none]
[debug] [2023-08-05T14:39:37.274Z] >>> [apiv2][body] POST https://upload-firebasehosting.googleapis.com/upload/sites/clone-1aaf7/versions/31b791465d246b27/files/4b635a5cafc8a9d8d35e5d0eea912895937c21bd434f208b7bd2a8ccf5d95250 [stream]
[debug] [2023-08-05T14:39:37.276Z] >>> [apiv2][query] POST https://upload-firebasehosting.googleapis.com/upload/sites/clone-1aaf7/versions/31b791465d246b27/files/53bc2791e8714a8efd03917dea64ba00f2da98c8a967faa47aa30405da44e161 [none]
[debug] [2023-08-05T14:39:37.276Z] >>> [apiv2][body] POST https://upload-firebasehosting.googleapis.com/upload/sites/clone-1aaf7/versions/31b791465d246b27/files/53bc2791e8714a8efd03917dea64ba00f2da98c8a967faa47aa30405da44e161 [stream]
[debug] [2023-08-05T14:39:37.277Z] >>> [apiv2][query] POST https://upload-firebasehosting.googleapis.com/upload/sites/clone-1aaf7/versions/31b791465d246b27/files/ec05d45808b494c8d0d2969517e315e5c70733a86df69788655e16fcfab0d812 [none]
[debug] [2023-08-05T14:39:37.277Z] >>> [apiv2][body] POST https://upload-firebasehosting.googleapis.com/upload/sites/clone-1aaf7/versions/31b791465d246b27/files/ec05d45808b494c8d0d2969517e315e5c70733a86df69788655e16fcfab0d812 [stream]
[debug] [2023-08-05T14:39:37.278Z] >>> [apiv2][query] POST https://upload-firebasehosting.googleapis.com/upload/sites/clone-1aaf7/versions/31b791465d246b27/files/f8710c93b1bc0e4f22fa5369d0f05898cf349b7502ac3cc2167e5b1a0528247b [none]
[debug] [2023-08-05T14:39:37.278Z] >>> [apiv2][body] POST https://upload-firebasehosting.googleapis.com/upload/sites/clone-1aaf7/versions/31b791465d246b27/files/f8710c93b1bc0e4f22fa5369d0f05898cf349b7502ac3cc2167e5b1a0528247b [stream]
[debug] [2023-08-05T14:39:37.279Z] [hosting][populate queue][FINAL] {"max":1232,"min":1232,"avg":1232,"active":0,"complete":1,"success":1,"errored":0,"retried":0,"total":1,"elapsed":1241}
[debug] [2023-08-05T14:39:37.279Z] [hosting] uploads queued: 6
[debug] [2023-08-05T14:39:38.828Z] <<< [apiv2][status] POST https://upload-firebasehosting.googleapis.com/upload/sites/clone-1aaf7/versions/31b791465d246b27/files/f8710c93b1bc0e4f22fa5369d0f05898cf349b7502ac3cc2167e5b1a0528247b 200
[debug] [2023-08-05T14:39:38.828Z] <<< [apiv2][body] POST https://upload-firebasehosting.googleapis.com/upload/sites/clone-1aaf7/versions/31b791465d246b27/files/f8710c93b1bc0e4f22fa5369d0f05898cf349b7502ac3cc2167e5b1a0528247b [stream]
[debug] [2023-08-05T14:39:38.926Z] <<< [apiv2][status] POST https://upload-firebasehosting.googleapis.com/upload/sites/clone-1aaf7/versions/31b791465d246b27/files/53bc2791e8714a8efd03917dea64ba00f2da98c8a967faa47aa30405da44e161 200
[debug] [2023-08-05T14:39:38.927Z] <<< [apiv2][body] POST https://upload-firebasehosting.googleapis.com/upload/sites/clone-1aaf7/versions/31b791465d246b27/files/53bc2791e8714a8efd03917dea64ba00f2da98c8a967faa47aa30405da44e161 [stream]
[debug] [2023-08-05T14:39:39.163Z] <<< [apiv2][status] POST https://upload-firebasehosting.googleapis.com/upload/sites/clone-1aaf7/versions/31b791465d246b27/files/4b635a5cafc8a9d8d35e5d0eea912895937c21bd434f208b7bd2a8ccf5d95250 200
[debug] [2023-08-05T14:39:39.164Z] <<< [apiv2][body] POST https://upload-firebasehosting.googleapis.com/upload/sites/clone-1aaf7/versions/31b791465d246b27/files/4b635a5cafc8a9d8d35e5d0eea912895937c21bd434f208b7bd2a8ccf5d95250 [stream]
[debug] [2023-08-05T14:39:39.165Z] <<< [apiv2][status] POST https://upload-firebasehosting.googleapis.com/upload/sites/clone-1aaf7/versions/31b791465d246b27/files/ec05d45808b494c8d0d2969517e315e5c70733a86df69788655e16fcfab0d812 200
[debug] [2023-08-05T14:39:39.165Z] <<< [apiv2][body] POST https://upload-firebasehosting.googleapis.com/upload/sites/clone-1aaf7/versions/31b791465d246b27/files/ec05d45808b494c8d0d2969517e315e5c70733a86df69788655e16fcfab0d812 [stream]
[debug] [2023-08-05T14:39:41.051Z] <<< [apiv2][status] POST https://upload-firebasehosting.googleapis.com/upload/sites/clone-1aaf7/versions/31b791465d246b27/files/500ec973fbedd1a8f166125c0b9d539b88bf3e11aeb20028b720e7937244c656 200
[debug] [2023-08-05T14:39:41.051Z] <<< [apiv2][body] POST https://upload-firebasehosting.googleapis.com/upload/sites/clone-1aaf7/versions/31b791465d246b27/files/500ec973fbedd1a8f166125c0b9d539b88bf3e11aeb20028b720e7937244c656 [stream]
[debug] [2023-08-05T14:39:46.934Z] <<< [apiv2][status] POST https://upload-firebasehosting.googleapis.com/upload/sites/clone-1aaf7/versions/31b791465d246b27/files/9f2ec98a02ba585ff87f2bda9966a3fe8de70195edfc1a9c4dd7db6baf875c3c 200
[debug] [2023-08-05T14:39:46.934Z] <<< [apiv2][body] POST https://upload-firebasehosting.googleapis.com/upload/sites/clone-1aaf7/versions/31b791465d246b27/files/9f2ec98a02ba585ff87f2bda9966a3fe8de70195edfc1a9c4dd7db6baf875c3c [stream]
[debug] [2023-08-05T14:39:46.935Z] [hosting][upload queue][FINAL] {"max":9667,"min":1558,"avg":3409.3333333333335,"active":0,"complete":6,"success":6,"errored":0,"retried":0,"total":6,"elapsed":9667}
[info] +  hosting[clone-1aaf7]: file upload complete 
[debug] [2023-08-05T14:39:46.938Z] [hosting] deploy completed after 11605ms
[debug] [2023-08-05T14:39:46.938Z] [
  {
    "config": {
      "public": "build",
      "ignore": [
        "firebase.json",
        "**/.*",
        "**/node_modules/**"
      ],
      "rewrites": [
        {
          "source": "**",
          "destination": "/index.html"
        }
      ],
      "site": "clone-1aaf7"
    },
    "version": "projects/275729194980/sites/clone-1aaf7/versions/31b791465d246b27"
  }
]
[info] i  hosting[clone-1aaf7]: finalizing version... 
[debug] [2023-08-05T14:39:46.946Z] >>> [apiv2][query] PATCH https://firebasehosting.googleapis.com/v1beta1/projects/-/sites/clone-1aaf7/versions/31b791465d246b27 updateMask=status%2Cconfig
[debug] [2023-08-05T14:39:46.946Z] >>> [apiv2][body] PATCH https://firebasehosting.googleapis.com/v1beta1/projects/-/sites/clone-1aaf7/versions/31b791465d246b27 {"status":"FINALIZED","config":{"rewrites":[{"glob":"**","path":"/index.html"}]}}
[debug] [2023-08-05T14:39:48.324Z] <<< [apiv2][status] PATCH https://firebasehosting.googleapis.com/v1beta1/projects/-/sites/clone-1aaf7/versions/31b791465d246b27 200
[debug] [2023-08-05T14:39:48.325Z] <<< [apiv2][body] PATCH https://firebasehosting.googleapis.com/v1beta1/projects/-/sites/clone-1aaf7/versions/31b791465d246b27 {"name":"projects/275729194980/sites/clone-1aaf7/versions/31b791465d246b27","status":"FINALIZED","config":{"rewrites":[{"glob":"**","path":"/index.html"}]},"labels":{"deployment-tool":"cli-firebase"},"createTime":"2023-08-05T14:39:33.828560Z","createUser":{"email":"harkaran0010@gmail.com"},"finalizeTime":"2023-08-05T14:39:47.021336Z","finalizeUser":{"email":"harkaran0010@gmail.com"}}
[debug] [2023-08-05T14:39:48.325Z] [hosting] finalized version for clone-1aaf7:[object Object]
[info] +  hosting[clone-1aaf7]: version finalized 
[info] i  hosting[clone-1aaf7]: releasing new version... 
[debug] [2023-08-05T14:39:48.328Z] >>> [apiv2][query] POST https://firebasehosting.googleapis.com/v1beta1/projects/-/sites/clone-1aaf7/channels/live/releases versionName=projects%2F275729194980%2Fsites%2Fclone-1aaf7%2Fversions%2F31b791465d246b27
[debug] [2023-08-05T14:39:48.328Z] >>> [apiv2][body] POST https://firebasehosting.googleapis.com/v1beta1/projects/-/sites/clone-1aaf7/channels/live/releases {}
[debug] [2023-08-05T14:39:49.062Z] <<< [apiv2][status] POST https://firebasehosting.googleapis.com/v1beta1/projects/-/sites/clone-1aaf7/channels/live/releases 200
[debug] [2023-08-05T14:39:49.063Z] <<< [apiv2][body] POST https://firebasehosting.googleapis.com/v1beta1/projects/-/sites/clone-1aaf7/channels/live/releases {"name":"projects/275729194980/sites/clone-1aaf7/channels/live/releases/1691246387283000","version":{"name":"projects/275729194980/sites/clone-1aaf7/versions/31b791465d246b27","status":"FINALIZED","config":{"rewrites":[{"glob":"**","path":"/index.html"}]},"labels":{"deployment-tool":"cli-firebase"},"createTime":"2023-08-05T14:39:33.828560Z","createUser":{"email":"harkaran0010@gmail.com","imageUrl":"https://lh3.googleusercontent.com/a/AAcHTtcV7FAbtVq49HAHjhHAEtLNEjZ3SJVt8tj0hqDIqBDs26s"},"finalizeTime":"2023-08-05T14:39:47.021336Z","finalizeUser":{"email":"harkaran0010@gmail.com","imageUrl":"https://lh3.googleusercontent.com/a/AAcHTtcV7FAbtVq49HAHjhHAEtLNEjZ3SJVt8tj0hqDIqBDs26s"}},"type":"DEPLOY","releaseTime":"2023-08-05T14:39:47.283Z","releaseUser":{"email":"harkaran0010@gmail.com","imageUrl":"https://lh3.googleusercontent.com/a/AAcHTtcV7FAbtVq49HAHjhHAEtLNEjZ3SJVt8tj0hqDIqBDs26s"}}
[debug] [2023-08-05T14:39:49.063Z] [hosting] release: {"name":"projects/275729194980/sites/clone-1aaf7/channels/live/releases/1691246387283000","version":{"name":"projects/275729194980/sites/clone-1aaf7/versions/31b791465d246b27","status":"FINALIZED","config":{"rewrites":[{"glob":"**","path":"/index.html"}]},"labels":{"deployment-tool":"cli-firebase"},"createTime":"2023-08-05T14:39:33.828560Z","createUser":{"email":"harkaran0010@gmail.com","imageUrl":"https://lh3.googleusercontent.com/a/AAcHTtcV7FAbtVq49HAHjhHAEtLNEjZ3SJVt8tj0hqDIqBDs26s"},"finalizeTime":"2023-08-05T14:39:47.021336Z","finalizeUser":{"email":"harkaran0010@gmail.com","imageUrl":"https://lh3.googleusercontent.com/a/AAcHTtcV7FAbtVq49HAHjhHAEtLNEjZ3SJVt8tj0hqDIqBDs26s"}},"type":"DEPLOY","releaseTime":"2023-08-05T14:39:47.283Z","releaseUser":{"email":"harkaran0010@gmail.com","imageUrl":"https://lh3.googleusercontent.com/a/AAcHTtcV7FAbtVq49HAHjhHAEtLNEjZ3SJVt8tj0hqDIqBDs26s"}}
[info] +  hosting[clone-1aaf7]: release complete 
[info] 
[info] +  Deploy complete! 
[info] 
[info] Project Console: https://console.firebase.google.com/project/clone-1aaf7/overview
[info] Hosting URL: https://clone-1aaf7.web.app
[debug] [2023-08-05T14:39:59.216Z] Error: Timed out.
    at Timeout._onTimeout (C:\Users\harka\AppData\Roaming\npm\node_modules\firebase-tools\lib\utils.js:254:49)
    at listOnTimeout (node:internal/timers:557:17)
    at processTimers (node:internal/timers:500:7)
[error] 
[error] Error: An unexpected error has occurred.
